<?xml version="1.0" encoding="UTF-8"?>
<!-- Generated by org.testng.reporters.JUnitReportReporter -->
<testsuite name="FuziXerox.FX.ProofCancelFunction" tests="1" time="329.010" ignored="0" failures="0" timestamp="04 Jan 2018 09:45:30 GMT" skipped="0" hostname="EIL-IT-990-25" errors="0">
  <testcase name="test1" time="329.010" classname="FuziXerox.FX.ProofCancelFunction"/>
</testsuite> <!-- FuziXerox.FX.ProofCancelFunction -->
