<?xml version="1.0" encoding="UTF-8"?>
<!-- Generated by org.testng.reporters.JUnitReportReporter -->
<testsuite name="FuziXerox.FX.CatalogueQuoteCancelFunction" tests="1" time="211.812" ignored="0" failures="0" timestamp="09 Jan 2018 12:09:28 GMT" skipped="0" hostname="EIL-IT-990-25" errors="0">
  <testcase name="test1" time="211.812" classname="FuziXerox.FX.CatalogueQuoteCancelFunction"/>
</testsuite> <!-- FuziXerox.FX.CatalogueQuoteCancelFunction -->
