<?xml version="1.0" encoding="UTF-8"?>
<!-- Generated by org.testng.reporters.JUnitReportReporter -->
<testsuite name="FuziXerox.FX.AddCategoryFunction" tests="1" time="207.990" ignored="0" failures="0" timestamp="09 Jan 2018 10:57:16 GMT" skipped="0" hostname="EIL-IT-990-25" errors="0">
  <testcase name="test1" time="207.990" classname="FuziXerox.FX.AddCategoryFunction"/>
</testsuite> <!-- FuziXerox.FX.AddCategoryFunction -->
