<?xml version="1.0" encoding="UTF-8"?>
<!-- Generated by org.testng.reporters.JUnitReportReporter -->
<testsuite name="FuziXerox.FX.loginScenario" tests="1" time="197.687" ignored="0" failures="0" timestamp="09 Jan 2018 12:47:23 GMT" skipped="0" hostname="EIL-IT-990-25" errors="0">
  <testcase name="test1" time="197.687" classname="FuziXerox.FX.loginScenario"/>
</testsuite> <!-- FuziXerox.FX.loginScenario -->
