<?xml version="1.0" encoding="UTF-8"?>
<!-- Generated by org.testng.reporters.JUnitReportReporter -->
<testsuite name="FuziXerox.FX.ProofDeclineFunction" tests="1" time="411.684" ignored="0" failures="0" timestamp="04 Jan 2018 09:53:36 GMT" skipped="0" hostname="EIL-IT-990-25" errors="0">
  <testcase name="test1" time="411.684" classname="FuziXerox.FX.ProofDeclineFunction"/>
</testsuite> <!-- FuziXerox.FX.ProofDeclineFunction -->
