<?xml version="1.0" encoding="UTF-8"?>
<!-- Generated by org.testng.reporters.JUnitReportReporter -->
<testsuite name="FuziXerox.FX.outSourceQuoteDecline" tests="1" time="106.276" ignored="0" failures="0" timestamp="04 Jan 2018 09:18:36 GMT" skipped="0" hostname="EIL-IT-990-25" errors="0">
  <testcase name="test1" time="106.276" classname="FuziXerox.FX.outSourceQuoteDecline"/>
</testsuite> <!-- FuziXerox.FX.outSourceQuoteDecline -->
