<?xml version="1.0" encoding="UTF-8"?>
<!-- Generated by org.testng.reporters.JUnitReportReporter -->
<testsuite name="FuziXerox.FX.PrintJobWithoutQuoteFunction" tests="1" time="311.748" ignored="0" failures="0" timestamp="04 Jan 2018 09:32:26 GMT" skipped="0" hostname="EIL-IT-990-25" errors="0">
  <testcase name="test1" time="311.748" classname="FuziXerox.FX.PrintJobWithoutQuoteFunction"/>
</testsuite> <!-- FuziXerox.FX.PrintJobWithoutQuoteFunction -->
