<?xml version="1.0" encoding="UTF-8"?>
<!-- Generated by org.testng.reporters.JUnitReportReporter -->
<testsuite name="FuziXerox.FX.StartDCCProofCancel" tests="1" time="177.287" ignored="0" failures="0" timestamp="09 Jan 2018 13:27:45 GMT" skipped="0" hostname="EIL-IT-990-25" errors="0">
  <testcase name="test1" time="177.287" classname="FuziXerox.FX.StartDCCProofCancel"/>
</testsuite> <!-- FuziXerox.FX.StartDCCProofCancel -->
