<?xml version="1.0" encoding="UTF-8"?>
<!-- Generated by org.testng.reporters.JUnitReportReporter -->
<testsuite name="FuziXerox.FX.Login" tests="1" time="44.926" ignored="0" failures="0" timestamp="09 Jan 2018 10:52:33 GMT" skipped="0" hostname="EIL-IT-990-25" errors="0">
  <testcase name="test1" time="44.926" classname="FuziXerox.FX.Login"/>
</testsuite> <!-- FuziXerox.FX.Login -->
