<?xml version="1.0" encoding="UTF-8"?>
<!-- Generated by org.testng.reporters.JUnitReportReporter -->
<testsuite name="FuziXerox.FX.StartDCCQuoteDeclinee" tests="1" time="166.102" ignored="0" failures="0" timestamp="04 Dec 2017 11:42:32 GMT" skipped="0" hostname="ESP01-8XLF9F2" errors="0">
  <testcase name="test1" time="166.102" classname="FuziXerox.FX.StartDCCQuoteDeclinee"/>
</testsuite> <!-- FuziXerox.FX.StartDCCQuoteDeclinee -->
