<?xml version="1.0" encoding="UTF-8"?>
<!-- Generated by org.testng.reporters.JUnitReportReporter -->
<testsuite name="FuziXerox.FX.StartPrintTemplate" tests="1" time="501.373" ignored="0" failures="0" timestamp="09 Jan 2018 13:07:34 GMT" skipped="0" hostname="EIL-IT-990-25" errors="0">
  <testcase name="test1" time="501.373" classname="FuziXerox.FX.StartPrintTemplate"/>
</testsuite> <!-- FuziXerox.FX.StartPrintTemplate -->
