<?xml version="1.0" encoding="UTF-8"?>
<!-- Generated by org.testng.reporters.JUnitReportReporter -->
<testsuite name="FuziXerox.FX.StartDCCQuoteCancel" tests="1" time="150.730" ignored="0" failures="0" timestamp="09 Jan 2018 13:14:54 GMT" skipped="0" hostname="EIL-IT-990-25" errors="0">
  <testcase name="test1" time="150.730" classname="FuziXerox.FX.StartDCCQuoteCancel"/>
</testsuite> <!-- FuziXerox.FX.StartDCCQuoteCancel -->
