<?xml version="1.0" encoding="UTF-8"?>
<!-- Generated by org.testng.reporters.JUnitReportReporter -->
<testsuite name="FuziXerox.FX.StartPrintJob" tests="1" time="39.158" ignored="0" failures="0" timestamp="23 Nov 2017 09:57:04 GMT" skipped="0" hostname="ESP01-8XLF9F2" errors="0">
  <testcase name="test1" time="39.158" classname="FuziXerox.FX.StartPrintJob"/>
</testsuite> <!-- FuziXerox.FX.StartPrintJob -->
