<?xml version="1.0" encoding="UTF-8"?>
<!-- Generated by org.testng.reporters.JUnitReportReporter -->
<testsuite name="FuziXerox.FX.outSourceJobSurvey" tests="1" time="196.565" ignored="0" failures="0" timestamp="04 Jan 2018 08:39:02 GMT" skipped="0" hostname="EIL-IT-990-25" errors="0">
  <testcase name="test1" time="196.565" classname="FuziXerox.FX.outSourceJobSurvey"/>
</testsuite> <!-- FuziXerox.FX.outSourceJobSurvey -->
