<?xml version="1.0" encoding="UTF-8"?>
<!-- Generated by org.testng.reporters.JUnitReportReporter -->
<testsuite name="FuziXerox.FX.outSourceFunction" tests="1" time="466.137" ignored="0" failures="0" timestamp="28 Nov 2017 09:13:56 GMT" skipped="0" hostname="ESP01-8XLF9F2" errors="0">
  <testcase name="test1" time="466.137" classname="FuziXerox.FX.outSourceFunction"/>
</testsuite> <!-- FuziXerox.FX.outSourceFunction -->
