<?xml version="1.0" encoding="UTF-8"?>
<!-- Generated by org.testng.reporters.JUnitReportReporter -->
<testsuite name="FuziXerox.FX.outSourceQueryJob" tests="1" time="188.318" ignored="0" failures="0" timestamp="04 Jan 2018 09:10:36 GMT" skipped="0" hostname="EIL-IT-990-25" errors="0">
  <testcase name="test1" time="188.318" classname="FuziXerox.FX.outSourceQueryJob"/>
</testsuite> <!-- FuziXerox.FX.outSourceQueryJob -->
