<?xml version="1.0" encoding="UTF-8"?>
<!-- Generated by org.testng.reporters.JUnitReportReporter -->
<testsuite name="FuziXerox.FX.QuoteCancelFunction" tests="1" time="236.876" ignored="0" failures="0" timestamp="04 Jan 2018 10:25:25 GMT" skipped="0" hostname="EIL-IT-990-25" errors="0">
  <testcase name="test1" time="236.876" classname="FuziXerox.FX.QuoteCancelFunction"/>
</testsuite> <!-- FuziXerox.FX.QuoteCancelFunction -->
