<?xml version="1.0" encoding="UTF-8"?>
<!-- Generated by org.testng.reporters.JUnitReportReporter -->
<testsuite name="FuziXerox.FX.outSourceQuoteCancel" tests="1" time="123.906" ignored="0" failures="0" timestamp="04 Jan 2018 09:14:59 GMT" skipped="0" hostname="EIL-IT-990-25" errors="0">
  <testcase name="test1" time="123.906" classname="FuziXerox.FX.outSourceQuoteCancel"/>
</testsuite> <!-- FuziXerox.FX.outSourceQuoteCancel -->
