<?xml version="1.0" encoding="UTF-8"?>
<!-- Generated by org.testng.reporters.JUnitReportReporter -->
<testsuite name="FuziXerox.FX.JobSurvey" tests="1" time="374.152" ignored="0" failures="0" timestamp="04 Jan 2018 07:04:47 GMT" skipped="0" hostname="EIL-IT-990-25" errors="0">
  <testcase name="test1" time="374.152" classname="FuziXerox.FX.JobSurvey"/>
</testsuite> <!-- FuziXerox.FX.JobSurvey -->
