<?xml version="1.0" encoding="UTF-8"?>
<!-- Generated by org.testng.reporters.JUnitReportReporter -->
<testsuite name="FuziXerox.FX.TestScript" tests="1" time="32.639" ignored="0" failures="0" timestamp="21 Nov 2017 07:55:53 GMT" skipped="0" hostname="ESP01-8XLF9F2" errors="0">
  <testcase name="test1" time="32.639" classname="FuziXerox.FX.TestScript"/>
</testsuite> <!-- FuziXerox.FX.TestScript -->
