<?xml version="1.0" encoding="UTF-8"?>
<!-- Generated by org.testng.reporters.JUnitReportReporter -->
<testsuite name="FuziXerox.FX.Dccquotedeclinefunction" tests="1" time="177.392" ignored="0" failures="0" timestamp="04 Dec 2017 11:31:29 GMT" skipped="0" hostname="ESP01-8XLF9F2" errors="0">
  <testcase name="test1" time="177.392" classname="FuziXerox.FX.Dccquotedeclinefunction"/>
</testsuite> <!-- FuziXerox.FX.Dccquotedeclinefunction -->
