<?xml version="1.0" encoding="UTF-8"?>
<!-- Generated by org.testng.reporters.JUnitReportReporter -->
<testsuite name="FuziXerox.FX.CatalogueQuoteDeclineFunction" tests="1" time="213.982" ignored="0" failures="0" timestamp="09 Jan 2018 12:13:41 GMT" skipped="0" hostname="EIL-IT-990-25" errors="0">
  <testcase name="test1" time="213.982" classname="FuziXerox.FX.CatalogueQuoteDeclineFunction"/>
</testsuite> <!-- FuziXerox.FX.CatalogueQuoteDeclineFunction -->
