<?xml version="1.0" encoding="UTF-8"?>
<!-- Generated by org.testng.reporters.JUnitReportReporter -->
<testsuite name="FuziXerox.FX.QuoteDeclineFunction" tests="1" time="235.320" ignored="0" failures="0" timestamp="04 Jan 2018 10:31:58 GMT" skipped="0" hostname="EIL-IT-990-25" errors="0">
  <testcase name="test1" time="235.320" classname="FuziXerox.FX.QuoteDeclineFunction"/>
</testsuite> <!-- FuziXerox.FX.QuoteDeclineFunction -->
