<?xml version="1.0" encoding="UTF-8"?>
<!-- Generated by org.testng.reporters.JUnitReportReporter -->
<testsuite name="FuziXerox.FX.StartAssignToSite" tests="1" time="214.610" ignored="0" failures="0" timestamp="04 Jan 2018 10:39:30 GMT" skipped="0" hostname="EIL-IT-990-25" errors="0">
  <testcase name="test1" time="214.610" classname="FuziXerox.FX.StartAssignToSite"/>
</testsuite> <!-- FuziXerox.FX.StartAssignToSite -->
