<?xml version="1.0" encoding="UTF-8"?>
<!-- Generated by org.testng.reporters.JUnitReportReporter -->
<testsuite name="FuziXerox.FX.PrintJobbyPrintManager" tests="1" time="350.003" ignored="0" failures="0" timestamp="04 Jan 2018 09:26:32 GMT" skipped="0" hostname="EIL-IT-990-25" errors="0">
  <testcase name="test1" time="350.003" classname="FuziXerox.FX.PrintJobbyPrintManager"/>
</testsuite> <!-- FuziXerox.FX.PrintJobbyPrintManager -->
