<?xml version="1.0" encoding="UTF-8"?>
<!-- Generated by org.testng.reporters.JUnitReportReporter -->
<testsuite name="FuziXerox.FX.StartDCCQuoteDecline" tests="1" time="212.026" ignored="0" failures="0" timestamp="09 Jan 2018 13:11:47 GMT" skipped="0" hostname="EIL-IT-990-25" errors="0">
  <testcase name="test1" time="212.026" classname="FuziXerox.FX.StartDCCQuoteDecline"/>
</testsuite> <!-- FuziXerox.FX.StartDCCQuoteDecline -->
