<?xml version="1.0" encoding="UTF-8"?>
<!-- Generated by org.testng.reporters.JUnitReportReporter -->
<testsuite name="FuziXerox.FX.QuickJobFunction" tests="1" time="203.765" ignored="0" failures="0" timestamp="04 Jan 2018 12:03:25 GMT" skipped="0" hostname="EIL-IT-990-25" errors="0">
  <testcase name="test1" time="203.765" classname="FuziXerox.FX.QuickJobFunction"/>
</testsuite> <!-- FuziXerox.FX.QuickJobFunction -->
